<?xml version="1.0" encoding="UTF-8"?>
<!-- Generated by org.testng.reporters.JUnitReportReporter -->
<testsuite hostname="Peter" failures="0" tests="3" name="testcases.TestHomePage" time="19.554" errors="0" timestamp="26 Apr 2021 16:36:36 GMT" skipped="0">
  <testcase classname="testcases.TestHomePage" name="testMashreqNewsBoxVisibility" time="7.914"/>
  <testcase classname="testcases.TestHomePage" name="navigationBarTest" time="4.179"/>
  <testcase classname="testcases.TestHomePage" name="testContactUsVisibility" time="7.461"/>
</testsuite> <!-- testcases.TestHomePage -->
